<?xml version="1.0" encoding="UTF-8"?>
<!-- Generated by org.testng.reporters.JUnitReportReporter -->
<testsuite hostname="Nanithan" failures="0" tests="1" name="com.selenium.testsuites.S10_5Verifyoppurtunitessort" time="45.745" errors="0" timestamp="2023-12-02T10:46:30 IST" skipped="0">
  <testcase classname="com.selenium.testsuites.S10_5Verifyoppurtunitessort" name="VerifyOpportunities" time="45.745"/>
  <system-out/>
</testsuite> <!-- com.selenium.testsuites.S10_5Verifyoppurtunitessort -->
