<?xml version="1.0" encoding="UTF-8"?>
<!-- Generated by org.testng.reporters.JUnitReportReporter -->
<testsuite hostname="Nanithan" failures="0" tests="1" name="com.selenium.testsuites.S10_44AdministratorCertifications" time="42.206" errors="0" timestamp="2023-12-02T11:14:54 IST" skipped="0">
  <testcase classname="com.selenium.testsuites.S10_44AdministratorCertifications" name="AdminCert" time="42.206"/>
  <system-out/>
</testsuite> <!-- com.selenium.testsuites.S10_44AdministratorCertifications -->
